[debug] [2026-02-05T08:07:19.382Z] ----------------------------------------------------------------------
[debug] [2026-02-05T08:07:19.389Z] Command:       C:\Program Files\nodejs\node.exe C:\Users\Dell\AppData\Roaming\npm\node_modules\firebase-tools\lib\bin\firebase.js emulators:start --only functions
[debug] [2026-02-05T08:07:19.390Z] CLI Version:   15.5.1
[debug] [2026-02-05T08:07:19.390Z] Platform:      win32
[debug] [2026-02-05T08:07:19.391Z] Node Version:  v22.19.0
[debug] [2026-02-05T08:07:19.391Z] Time:          Thu Feb 05 2026 13:37:19 GMT+0530 (India Standard Time)
[debug] [2026-02-05T08:07:19.391Z] ----------------------------------------------------------------------
[debug] 
[debug] [2026-02-05T08:07:25.317Z] > command requires scopes: ["email","openid","https://www.googleapis.com/auth/cloudplatformprojects.readonly","https://www.googleapis.com/auth/firebase","https://www.googleapis.com/auth/cloud-platform"]
[debug] [2026-02-05T08:07:25.318Z] > authorizing via signed-in user (omgaikwad3027@gmail.com)
[info] i  emulators: Starting emulators: functions {"metadata":{"emulator":{"name":"hub"},"message":"Starting emulators: functions"}}
[debug] [2026-02-05T08:07:25.367Z] [logging] Logging Emulator only supports listening on one address (127.0.0.1). Not listening on ::1
[debug] [2026-02-05T08:07:25.367Z] assigned listening specs for emulators {"user":{"hub":[{"address":"127.0.0.1","family":"IPv4","port":4400},{"address":"::1","family":"IPv6","port":4400}],"ui":[{"address":"127.0.0.1","family":"IPv4","port":4000},{"address":"::1","family":"IPv6","port":4000}],"logging":[{"address":"127.0.0.1","family":"IPv4","port":4500}]},"metadata":{"message":"assigned listening specs for emulators"}}
[debug] [2026-02-05T08:07:25.385Z] Write emulator hub locator at C:\Users\Dell\AppData\Local\Temp\hub-demitasse-cafe-pilot.json
[debug] [2026-02-05T08:07:25.441Z] [functions] Functions Emulator only supports listening on one address (127.0.0.1). Not listening on ::1
[debug] [2026-02-05T08:07:25.443Z] [eventarc] Eventarc Emulator only supports listening on one address (127.0.0.1). Not listening on ::1
[debug] [2026-02-05T08:07:25.444Z] [tasks] Cloud Tasks Emulator only supports listening on one address (127.0.0.1). Not listening on ::1
[debug] [2026-02-05T08:07:25.444Z] late-assigned ports for functions and eventarc emulators {"user":{"hub":[{"address":"127.0.0.1","family":"IPv4","port":4400},{"address":"::1","family":"IPv6","port":4400}],"ui":[{"address":"127.0.0.1","family":"IPv4","port":4000},{"address":"::1","family":"IPv6","port":4000}],"logging":[{"address":"127.0.0.1","family":"IPv4","port":4500}],"functions":[{"address":"127.0.0.1","family":"IPv4","port":5001}],"eventarc":[{"address":"127.0.0.1","family":"IPv4","port":9299}],"tasks":[{"address":"127.0.0.1","family":"IPv4","port":9499}]},"metadata":{"message":"late-assigned ports for functions and eventarc emulators"}}
[warn] !  functions: The following emulators are not running, calls to these services from the Functions emulator will affect production: apphosting, auth, firestore, database, hosting, pubsub, storage, dataconnect {"metadata":{"emulator":{"name":"functions"},"message":"The following emulators are not running, calls to these services from the Functions emulator will affect production: \u001b[1mapphosting, auth, firestore, database, hosting, pubsub, storage, dataconnect\u001b[22m"}}
[warn] !  functions: Application Default Credentials detected. Non-emulated services will access production using these credentials. Be careful! {"metadata":{"emulator":{"name":"functions"},"message":"Application Default Credentials detected. Non-emulated services will access production using these credentials. Be careful!"}}
[debug] [2026-02-05T08:07:32.517Z] Checked if tokens are valid: true, expires at: 1770280909431
[debug] [2026-02-05T08:07:32.517Z] Checked if tokens are valid: true, expires at: 1770280909431
[debug] [2026-02-05T08:07:32.519Z] >>> [apiv2][query] GET https://firebase.googleapis.com/v1beta1/projects/demitasse-cafe-pilot/adminSdkConfig [none]
[debug] [2026-02-05T08:07:32.909Z] <<< [apiv2][status] GET https://firebase.googleapis.com/v1beta1/projects/demitasse-cafe-pilot/adminSdkConfig 200
[debug] [2026-02-05T08:07:32.910Z] <<< [apiv2][body] GET https://firebase.googleapis.com/v1beta1/projects/demitasse-cafe-pilot/adminSdkConfig {"projectId":"demitasse-cafe-pilot","storageBucket":"demitasse-cafe-pilot.firebasestorage.app"}
[info] i  functions: Watching "C:\Users\Dell\Documents\Demitasse_Cafe_Project\demitasse-coffee\backend-server\functions" for Cloud Functions... {"metadata":{"emulator":{"name":"functions"},"message":"Watching \"C:\\Users\\Dell\\Documents\\Demitasse_Cafe_Project\\demitasse-coffee\\backend-server\\functions\" for Cloud Functions..."}}
[debug] [2026-02-05T08:07:33.031Z] Validating nodejs source
[debug] [2026-02-05T08:07:35.680Z] > [functions] package.json contents: {
  "name": "functions",
  "scripts": {
    "lint": "eslint --ext .js,.ts .",
    "build": "tsc",
    "build:watch": "tsc --watch",
    "serve": "npm run build && firebase emulators:start --only functions",
    "shell": "npm run build && firebase functions:shell",
    "start": "npm run shell",
    "deploy": "firebase deploy --only functions",
    "logs": "firebase functions:log"
  },
  "engines": {
    "node": "24"
  },
  "main": "lib/index.js",
  "dependencies": {
    "firebase-admin": "^13.6.0",
    "firebase-functions": "^7.0.0"
  },
  "devDependencies": {
    "@typescript-eslint/eslint-plugin": "^5.12.0",
    "@typescript-eslint/parser": "^5.12.0",
    "eslint": "^8.9.0",
    "eslint-config-google": "^0.14.0",
    "eslint-plugin-import": "^2.25.4",
    "firebase-functions-test": "^3.4.1",
    "typescript": "^5.7.3"
  },
  "private": true
}
[debug] [2026-02-05T08:07:35.680Z] Building nodejs source
[debug] [2026-02-05T08:07:35.681Z] Failed to find version of module node: reached end of search path C:\Users\Dell\Documents\Demitasse_Cafe_Project\demitasse-coffee\backend-server\functions\node_modules
[warn] !  functions: Your requested "node" version "24" doesn't match your global version "22". Using node@22 from host. 
[debug] [2026-02-05T08:07:35.688Z] Could not find functions.yaml. Must use http discovery
[debug] [2026-02-05T08:07:35.708Z] Found firebase-functions binary at 'C:\Users\Dell\Documents\Demitasse_Cafe_Project\demitasse-coffee\backend-server\functions\node_modules\.bin\firebase-functions'
[info] Serving at port 8335

[debug] [2026-02-05T08:07:38.760Z] Got response from /__/functions.yaml {"endpoints":{"openSession":{"availableMemoryMb":null,"timeoutSeconds":null,"minInstances":null,"maxInstances":null,"ingressSettings":null,"concurrency":null,"serviceAccountEmail":null,"vpc":null,"platform":"gcfv2","labels":{},"httpsTrigger":{},"entryPoint":"openSession"}},"specVersion":"v1alpha1","requiredAPIs":[],"extensions":{}}
[info] +  functions: Loaded functions definitions from source: openSession. {"metadata":{"emulator":{"name":"functions"},"message":"Loaded functions definitions from source: openSession."}}
[info] +  functions[us-central1-openSession]: http function initialized (http://127.0.0.1:5001/demitasse-cafe-pilot/us-central1/openSession). {"metadata":{"emulator":{"name":"functions"},"message":"\u001b[1mhttp\u001b[22m function initialized (http://127.0.0.1:5001/demitasse-cafe-pilot/us-central1/openSession)."}}
[debug] [2026-02-05T08:07:42.863Z] Could not find VSCode notification endpoint: FetchError: request to http://localhost:40001/vscode/notify failed, reason: . If you are not running the Firebase Data Connect VSCode extension, this is expected and not an issue.
[info] 
┌─────────────────────────────────────────────────────────────┐
│ ✔  All emulators ready! It is now safe to connect your app. │
│ i  View Emulator UI at http://127.0.0.1:4000/               │
└─────────────────────────────────────────────────────────────┘

┌───────────┬────────────────┬─────────────────────────────────┐
│ Emulator  │ Host:Port      │ View in Emulator UI             │
├───────────┼────────────────┼─────────────────────────────────┤
│ Functions │ 127.0.0.1:5001 │ http://127.0.0.1:4000/functions │
└───────────┴────────────────┴─────────────────────────────────┘
  Emulator Hub host: 127.0.0.1 port: 4400
  Other reserved ports: 4500

Issues? Report them at https://github.com/firebase/firebase-tools/issues and attach the *-debug.log files.
 
[debug] [2026-02-05T08:08:29.579Z] [work-queue] {"queuedWork":["/demitasse-cafe-pilot/us-central1/openSession-2026-02-05T08:08:29.579Z"],"queueLength":1,"runningWork":[],"workRunningCount":0}
[debug] [2026-02-05T08:08:29.580Z] [work-queue] {"queuedWork":[],"queueLength":0,"runningWork":["/demitasse-cafe-pilot/us-central1/openSession-2026-02-05T08:08:29.579Z"],"workRunningCount":1}
[debug] [2026-02-05T08:08:29.582Z] Accepted request GET /demitasse-cafe-pilot/us-central1/openSession --> us-central1-openSession
[debug] [2026-02-05T08:08:29.593Z] [functions] Runtime ready! Sending request! {"metadata":{"emulator":{"name":"functions"},"message":"[functions] Runtime ready! Sending request!"}}
[debug] [2026-02-05T08:08:29.596Z] [functions] Got req.url=/demitasse-cafe-pilot/us-central1/openSession, mapping to path=/ {"metadata":{"emulator":{"name":"functions"},"message":"[functions] Got req.url=/demitasse-cafe-pilot/us-central1/openSession, mapping to path=/"}}
[debug] [2026-02-05T08:08:29.625Z] [worker-pool] addWorker(us-central1-openSession) {"metadata":{"emulator":{"name":"functions"},"message":"[worker-pool] addWorker(us-central1-openSession)"}}
[debug] [2026-02-05T08:08:29.626Z] [worker-pool] Adding worker with key us-central1-openSession, total=1 {"metadata":{"emulator":{"name":"functions"},"message":"[worker-pool] Adding worker with key us-central1-openSession, total=1"}}
[debug] [2026-02-05T08:08:33.427Z] [runtime-status] [19156] Resolved module firebase-admin {"declared":true,"installed":true,"version":"13.6.0","resolution":"C:\\Users\\Dell\\Documents\\Demitasse_Cafe_Project\\demitasse-coffee\\backend-server\\functions\\node_modules\\firebase-admin\\lib\\index.js"} {"metadata":{"emulator":{"name":"functions"},"function":{"name":"us-central1-openSession"},"extension":{},"message":"[runtime-status] [19156] Resolved module firebase-admin {\"declared\":true,\"installed\":true,\"version\":\"13.6.0\",\"resolution\":\"C:\\\\Users\\\\Dell\\\\Documents\\\\Demitasse_Cafe_Project\\\\demitasse-coffee\\\\backend-server\\\\functions\\\\node_modules\\\\firebase-admin\\\\lib\\\\index.js\"}"}}
[debug] [2026-02-05T08:08:33.431Z] [runtime-status] [19156] Resolved module firebase-functions {"declared":true,"installed":true,"version":"7.0.5","resolution":"C:\\Users\\Dell\\Documents\\Demitasse_Cafe_Project\\demitasse-coffee\\backend-server\\functions\\node_modules\\firebase-functions\\lib\\v2\\index.js"} {"metadata":{"emulator":{"name":"functions"},"function":{"name":"us-central1-openSession"},"extension":{},"message":"[runtime-status] [19156] Resolved module firebase-functions {\"declared\":true,\"installed\":true,\"version\":\"7.0.5\",\"resolution\":\"C:\\\\Users\\\\Dell\\\\Documents\\\\Demitasse_Cafe_Project\\\\demitasse-coffee\\\\backend-server\\\\functions\\\\node_modules\\\\firebase-functions\\\\lib\\\\v2\\\\index.js\"}"}}
[debug] [2026-02-05T08:08:33.431Z] [runtime-status] [19156] Outgoing network have been stubbed. [{"name":"http","status":"mocked"},{"name":"http","status":"mocked"},{"name":"https","status":"mocked"},{"name":"https","status":"mocked"},{"name":"net","status":"mocked"}] {"metadata":{"emulator":{"name":"functions"},"function":{"name":"us-central1-openSession"},"extension":{},"message":"[runtime-status] [19156] Outgoing network have been stubbed. [{\"name\":\"http\",\"status\":\"mocked\"},{\"name\":\"http\",\"status\":\"mocked\"},{\"name\":\"https\",\"status\":\"mocked\"},{\"name\":\"https\",\"status\":\"mocked\"},{\"name\":\"net\",\"status\":\"mocked\"}]"}}
[debug] [2026-02-05T08:08:33.434Z] [runtime-status] [19156] Resolved module firebase-functions {"declared":true,"installed":true,"version":"7.0.5","resolution":"C:\\Users\\Dell\\Documents\\Demitasse_Cafe_Project\\demitasse-coffee\\backend-server\\functions\\node_modules\\firebase-functions\\lib\\v2\\index.js"} {"metadata":{"emulator":{"name":"functions"},"function":{"name":"us-central1-openSession"},"extension":{},"message":"[runtime-status] [19156] Resolved module firebase-functions {\"declared\":true,\"installed\":true,\"version\":\"7.0.5\",\"resolution\":\"C:\\\\Users\\\\Dell\\\\Documents\\\\Demitasse_Cafe_Project\\\\demitasse-coffee\\\\backend-server\\\\functions\\\\node_modules\\\\firebase-functions\\\\lib\\\\v2\\\\index.js\"}"}}
[debug] [2026-02-05T08:08:33.434Z] [runtime-status] [19156] Detected firebase-functions v7+, skipping legacy stubs. {"metadata":{"emulator":{"name":"functions"},"function":{"name":"us-central1-openSession"},"extension":{},"message":"[runtime-status] [19156] Detected firebase-functions v7+, skipping legacy stubs."}}
[debug] [2026-02-05T08:08:33.436Z] [runtime-status] [19156] Resolved module firebase-admin {"declared":true,"installed":true,"version":"13.6.0","resolution":"C:\\Users\\Dell\\Documents\\Demitasse_Cafe_Project\\demitasse-coffee\\backend-server\\functions\\node_modules\\firebase-admin\\lib\\index.js"} {"metadata":{"emulator":{"name":"functions"},"function":{"name":"us-central1-openSession"},"extension":{},"message":"[runtime-status] [19156] Resolved module firebase-admin {\"declared\":true,\"installed\":true,\"version\":\"13.6.0\",\"resolution\":\"C:\\\\Users\\\\Dell\\\\Documents\\\\Demitasse_Cafe_Project\\\\demitasse-coffee\\\\backend-server\\\\functions\\\\node_modules\\\\firebase-admin\\\\lib\\\\index.js\"}"}}
[debug] [2026-02-05T08:08:33.740Z] [runtime-status] [19156] Resolved module firebase-functions {"declared":true,"installed":true,"version":"7.0.5","resolution":"C:\\Users\\Dell\\Documents\\Demitasse_Cafe_Project\\demitasse-coffee\\backend-server\\functions\\node_modules\\firebase-functions\\lib\\v2\\index.js"} {"metadata":{"emulator":{"name":"functions"},"function":{"name":"us-central1-openSession"},"extension":{},"message":"[runtime-status] [19156] Resolved module firebase-functions {\"declared\":true,\"installed\":true,\"version\":\"7.0.5\",\"resolution\":\"C:\\\\Users\\\\Dell\\\\Documents\\\\Demitasse_Cafe_Project\\\\demitasse-coffee\\\\backend-server\\\\functions\\\\node_modules\\\\firebase-functions\\\\lib\\\\v2\\\\index.js\"}"}}
[debug] [2026-02-05T08:08:34.845Z] [runtime-status] [19156] firebase-admin has been stubbed. {"adminResolution":{"declared":true,"installed":true,"version":"13.6.0","resolution":"C:\\Users\\Dell\\Documents\\Demitasse_Cafe_Project\\demitasse-coffee\\backend-server\\functions\\node_modules\\firebase-admin\\lib\\index.js"}} {"metadata":{"emulator":{"name":"functions"},"function":{"name":"us-central1-openSession"},"extension":{},"message":"[runtime-status] [19156] firebase-admin has been stubbed. {\"adminResolution\":{\"declared\":true,\"installed\":true,\"version\":\"13.6.0\",\"resolution\":\"C:\\\\Users\\\\Dell\\\\Documents\\\\Demitasse_Cafe_Project\\\\demitasse-coffee\\\\backend-server\\\\functions\\\\node_modules\\\\firebase-admin\\\\lib\\\\index.js\"}}"}}
[debug] [2026-02-05T08:08:34.856Z] [runtime-status] [19156] initializeApp(DEFAULT) {"storageBucket":"demitasse-cafe-pilot.firebasestorage.app","projectId":"demitasse-cafe-pilot"} {"metadata":{"emulator":{"name":"functions"},"function":{"name":"us-central1-openSession"},"extension":{},"message":"[runtime-status] [19156] initializeApp(DEFAULT) {\"storageBucket\":\"demitasse-cafe-pilot.firebasestorage.app\",\"projectId\":\"demitasse-cafe-pilot\"}"}}
[warn] !  functions: The Cloud Firestore emulator is not running, so calls to Firestore will affect production. {"metadata":{"emulator":{"name":"functions"},"function":{"name":"us-central1-openSession"},"extension":{},"message":"The Cloud Firestore emulator is not running, so calls to Firestore will affect production."}}
[debug] [2026-02-05T08:08:34.916Z] [runtime-status] [19156] Functions runtime initialized. {"cwd":"C:\\Users\\Dell\\Documents\\Demitasse_Cafe_Project\\demitasse-coffee\\backend-server\\functions","node_version":"22.19.0"} {"metadata":{"emulator":{"name":"functions"},"function":{"name":"us-central1-openSession"},"extension":{},"message":"[runtime-status] [19156] Functions runtime initialized. {\"cwd\":\"C:\\\\Users\\\\Dell\\\\Documents\\\\Demitasse_Cafe_Project\\\\demitasse-coffee\\\\backend-server\\\\functions\",\"node_version\":\"22.19.0\"}"}}
[debug] [2026-02-05T08:08:34.917Z] [runtime-status] [19156] Listening to port: \\?\pipe\fire_emu_0a2c9ef48b0ebf1b {"metadata":{"emulator":{"name":"functions"},"function":{"name":"us-central1-openSession"},"extension":{},"message":"[runtime-status] [19156] Listening to port: \\\\?\\pipe\\fire_emu_0a2c9ef48b0ebf1b"}}
[debug] [2026-02-05T08:08:35.003Z] [worker-us-central1-openSession-d5208824-c5a0-4b23-bed7-e39bc4fa862f]: IDLE {"metadata":{"emulator":{"name":"functions"},"function":{"name":"us-central1-openSession"},"extension":{},"message":"[worker-us-central1-openSession-d5208824-c5a0-4b23-bed7-e39bc4fa862f]: IDLE"}}
[debug] [2026-02-05T08:08:35.004Z] [worker-pool] submitRequest(triggerId=us-central1-openSession) {"metadata":{"emulator":{"name":"functions"},"message":"[worker-pool] submitRequest(triggerId=us-central1-openSession)"}}
[info] i  functions: Beginning execution of "us-central1-openSession" {"metadata":{"emulator":{"name":"functions"},"function":{"name":"us-central1-openSession"},"extension":{},"message":"Beginning execution of \"us-central1-openSession\""}}
[debug] [2026-02-05T08:08:35.006Z] [worker-us-central1-openSession-d5208824-c5a0-4b23-bed7-e39bc4fa862f]: BUSY {"metadata":{"emulator":{"name":"functions"},"function":{"name":"us-central1-openSession"},"extension":{},"message":"[worker-us-central1-openSession-d5208824-c5a0-4b23-bed7-e39bc4fa862f]: BUSY"}}
[debug] [2026-02-05T08:08:35.020Z] Finishing up request with event=pause {"metadata":{"emulator":{"name":"functions"},"function":{"name":"us-central1-openSession"},"extension":{},"message":"Finishing up request with event=pause"}}
[info] i  functions: Finished "us-central1-openSession" in 14.321ms {"metadata":{"emulator":{"name":"functions"},"function":{"name":"us-central1-openSession"},"extension":{},"message":"Finished \"us-central1-openSession\" in 14.321ms"}}
[debug] [2026-02-05T08:08:35.022Z] [worker-us-central1-openSession-d5208824-c5a0-4b23-bed7-e39bc4fa862f]: IDLE {"metadata":{"emulator":{"name":"functions"},"function":{"name":"us-central1-openSession"},"extension":{},"message":"[worker-us-central1-openSession-d5208824-c5a0-4b23-bed7-e39bc4fa862f]: IDLE"}}
[debug] [2026-02-05T08:08:35.023Z] Finishing up request with event=finish {"metadata":{"emulator":{"name":"functions"},"function":{"name":"us-central1-openSession"},"extension":{},"message":"Finishing up request with event=finish"}}
[debug] [2026-02-05T08:08:35.023Z] Finishing up request with event=close {"metadata":{"emulator":{"name":"functions"},"function":{"name":"us-central1-openSession"},"extension":{},"message":"Finishing up request with event=close"}}
[debug] [2026-02-05T08:08:35.023Z] [work-queue] {"queuedWork":[],"queueLength":0,"runningWork":[],"workRunningCount":0}
[debug] [2026-02-05T08:08:55.025Z] [work-queue] {"queuedWork":["/demitasse-cafe-pilot/us-central1/openSession-2026-02-05T08:08:55.025Z"],"queueLength":1,"runningWork":[],"workRunningCount":0}
[debug] [2026-02-05T08:08:55.026Z] [work-queue] {"queuedWork":[],"queueLength":0,"runningWork":["/demitasse-cafe-pilot/us-central1/openSession-2026-02-05T08:08:55.025Z"],"workRunningCount":1}
[debug] [2026-02-05T08:08:55.026Z] Accepted request POST /demitasse-cafe-pilot/us-central1/openSession --> us-central1-openSession
[debug] [2026-02-05T08:08:55.034Z] [functions] Runtime ready! Sending request! {"metadata":{"emulator":{"name":"functions"},"message":"[functions] Runtime ready! Sending request!"}}
[debug] [2026-02-05T08:08:55.034Z] [functions] Got req.url=/demitasse-cafe-pilot/us-central1/openSession, mapping to path=/ {"metadata":{"emulator":{"name":"functions"},"message":"[functions] Got req.url=/demitasse-cafe-pilot/us-central1/openSession, mapping to path=/"}}
[debug] [2026-02-05T08:08:55.035Z] [worker-pool] submitRequest(triggerId=us-central1-openSession) {"metadata":{"emulator":{"name":"functions"},"message":"[worker-pool] submitRequest(triggerId=us-central1-openSession)"}}
[info] i  functions: Beginning execution of "us-central1-openSession" {"metadata":{"emulator":{"name":"functions"},"function":{"name":"us-central1-openSession"},"extension":{},"message":"Beginning execution of \"us-central1-openSession\""}}
[debug] [2026-02-05T08:08:55.037Z] [worker-us-central1-openSession-d5208824-c5a0-4b23-bed7-e39bc4fa862f]: BUSY {"metadata":{"emulator":{"name":"functions"},"function":{"name":"us-central1-openSession"},"extension":{},"message":"[worker-us-central1-openSession-d5208824-c5a0-4b23-bed7-e39bc4fa862f]: BUSY"}}
[warn] !  Google API requested!
   - URL: "https://oauth2.googleapis.com/token"
   - Be careful, this may be a production service. {"metadata":{"emulator":{"name":"functions"},"function":{"name":"us-central1-openSession"},"extension":{},"message":"Google API requested!\n   - URL: \"https://oauth2.googleapis.com/token\"\n   - Be careful, this may be a production service."}}
[debug] [2026-02-05T08:08:57.389Z] Finishing up request with event=pause {"metadata":{"emulator":{"name":"functions"},"function":{"name":"us-central1-openSession"},"extension":{},"message":"Finishing up request with event=pause"}}
[info] i  functions: Finished "us-central1-openSession" in 2352.7454ms {"metadata":{"emulator":{"name":"functions"},"function":{"name":"us-central1-openSession"},"extension":{},"message":"Finished \"us-central1-openSession\" in 2352.7454ms"}}
[debug] [2026-02-05T08:08:57.390Z] [worker-us-central1-openSession-d5208824-c5a0-4b23-bed7-e39bc4fa862f]: IDLE {"metadata":{"emulator":{"name":"functions"},"function":{"name":"us-central1-openSession"},"extension":{},"message":"[worker-us-central1-openSession-d5208824-c5a0-4b23-bed7-e39bc4fa862f]: IDLE"}}
[debug] [2026-02-05T08:08:57.391Z] Finishing up request with event=finish {"metadata":{"emulator":{"name":"functions"},"function":{"name":"us-central1-openSession"},"extension":{},"message":"Finishing up request with event=finish"}}
[debug] [2026-02-05T08:08:57.391Z] Finishing up request with event=close {"metadata":{"emulator":{"name":"functions"},"function":{"name":"us-central1-openSession"},"extension":{},"message":"Finishing up request with event=close"}}
[debug] [2026-02-05T08:08:57.391Z] [work-queue] {"queuedWork":[],"queueLength":0,"runningWork":[],"workRunningCount":0}
